2021-09-04 10:16:17,760 - My shop - WARNING - Wrong input
2021-09-04 10:16:17,760 - My shop - WARNING - Wrong input
2021-09-04 10:16:50,046 - My shop - INFO - Log in succesed
2021-09-04 10:16:50,046 - My shop - INFO - Log in succesed
2021-09-04 10:16:57,267 - My shop - INFO - items added to cart
2021-09-04 10:16:57,267 - My shop - INFO - items added to cart
2021-09-04 10:17:37,800 - My shop - INFO - Payment done
2021-09-04 10:17:37,800 - My shop - INFO - Payment done
2021-09-04 10:25:11,339 - My shop - INFO - items added to cart
2021-09-04 10:25:11,339 - My shop - INFO - items added to cart
2021-09-04 10:25:33,510 - My shop - INFO - User logouted
2021-09-04 10:25:33,510 - My shop - INFO - User logouted
2021-09-04 10:25:50,897 - My shop - WARNING - Wrong input
2021-09-04 10:25:50,897 - My shop - WARNING - Wrong input
2021-09-04 10:26:26,796 - My shop - WARNING - Wrong input
2021-09-04 10:26:26,796 - My shop - WARNING - Wrong input
2021-09-04 10:28:32,700 - My shop - INFO - Log in succesed
2021-09-04 10:28:32,700 - My shop - INFO - Log in succesed
2021-09-04 10:28:37,133 - My shop - INFO - items added to cart
2021-09-04 10:28:37,133 - My shop - INFO - items added to cart
2021-09-04 10:29:17,296 - My shop - INFO - Payment done
2021-09-04 10:29:17,296 - My shop - INFO - Payment done
2021-09-07 20:26:18,692 - My shop - WARNING - Wrong input
2021-09-07 20:26:18,692 - My shop - WARNING - Wrong input
2021-09-08 12:05:52,125 - My shop - WARNING - Wrong input
2021-09-08 12:05:52,125 - My shop - WARNING - Wrong input
2021-09-08 12:13:02,832 - My shop - INFO - User logouted
2021-09-08 12:13:02,832 - My shop - INFO - User logouted
2021-09-08 12:25:03,297 - My shop - WARNING - Wrong input
2021-09-08 12:25:03,297 - My shop - WARNING - Wrong input
2021-09-08 12:25:08,449 - My shop - WARNING - Wrong input
2021-09-08 12:25:08,449 - My shop - WARNING - Wrong input
2021-09-08 13:08:45,162 - My shop - WARNING - Invalid registration
2021-09-08 13:08:45,162 - My shop - WARNING - Invalid registration
2021-09-08 13:09:10,032 - My shop - WARNING - Wrong input
2021-09-08 13:09:10,032 - My shop - WARNING - Wrong input
2021-09-08 13:13:31,314 - My shop - WARNING - Invalid registration
2021-09-08 13:13:31,314 - My shop - WARNING - Invalid registration
2021-09-08 13:14:42,398 - My shop - WARNING - Invalid registration
2021-09-08 13:14:42,398 - My shop - WARNING - Invalid registration
2021-09-08 13:16:47,428 - My shop - WARNING - Invalid registration
2021-09-08 13:16:47,428 - My shop - WARNING - Invalid registration
2021-09-08 13:16:54,842 - My shop - WARNING - Invalid registration
2021-09-08 13:16:54,842 - My shop - WARNING - Invalid registration
2021-09-08 13:28:45,831 - My shop - INFO - Log in succesed
2021-09-08 13:28:45,831 - My shop - INFO - Log in succesed
2021-09-08 13:28:51,123 - My shop - INFO - items added to cart
2021-09-08 13:28:51,123 - My shop - INFO - items added to cart
2021-09-08 22:12:59,370 - My shop - INFO - items added to cart
2021-09-08 22:12:59,370 - My shop - INFO - items added to cart
2021-09-08 22:42:46,165 - My shop - INFO - User logouted
2021-09-08 22:42:46,165 - My shop - INFO - User logouted
2021-09-08 22:49:30,769 - My shop - INFO - Log in succesed
2021-09-08 22:49:30,769 - My shop - INFO - Log in succesed
2021-09-08 22:49:34,368 - My shop - INFO - items added to cart
2021-09-08 22:49:34,368 - My shop - INFO - items added to cart
2021-09-08 23:02:52,720 - My shop - INFO - User logouted
2021-09-08 23:02:52,720 - My shop - INFO - User logouted
2021-09-08 23:03:33,173 - My shop - INFO - Log in succesed
2021-09-08 23:03:33,173 - My shop - INFO - Log in succesed
